

***** SERVER RESTARTED *****


note: noprealloc may hurt performance in many applications
Sat Jul 21 13:56:08 [initandlisten] MongoDB starting : pid=35194 port=27220 dbpath=/Users/aayushu/wastesometime/data/config1 64-bit host=Admins-MacBook-Pro.local
Sat Jul 21 13:56:08 [initandlisten] db version v2.0.6, pdfile version 4.5
Sat Jul 21 13:56:08 [initandlisten] git version: e1c0cbc25863f6356aa4e31375add7bb49fb05bc
Sat Jul 21 13:56:08 [initandlisten] build info: Darwin erh2.10gen.cc 9.8.0 Darwin Kernel Version 9.8.0: Wed Jul 15 16:55:01 PDT 2009; root:xnu-1228.15.4~1/RELEASE_I386 i386 BOOST_LIB_VERSION=1_40
Sat Jul 21 13:56:08 [initandlisten] options: { configsvr: true, dbpath: "/Users/aayushu/wastesometime/data/config1", fork: true, logappend: true, logpath: "/Users/aayushu/wastesometime/logs/config1.log", noprealloc: true, oplogSize: 500, port: 27220, rest: true }
Sat Jul 21 13:56:08 [initandlisten] journal dir=/Users/aayushu/wastesometime/data/config1/journal
Sat Jul 21 13:56:08 [initandlisten] recover : no journal files present, no recovery needed
Sat Jul 21 13:56:08 [websvr] admin web console waiting for connections on port 28220
Sat Jul 21 13:56:08 [initandlisten] waiting for connections on port 27220
Sat Jul 21 13:56:09 [initandlisten] connection accepted from 127.0.0.1:50687 #1
Sat Jul 21 13:56:09 [conn1] end connection 127.0.0.1:50687
Sat Jul 21 13:56:10 [initandlisten] connection accepted from 127.0.0.1:50689 #2
Sat Jul 21 13:56:10 [initandlisten] connection accepted from 127.0.0.1:50690 #3
Sat Jul 21 13:56:10 [initandlisten] connection accepted from 127.0.0.1:50691 #4
Sat Jul 21 13:56:10 [FileAllocator] allocating new datafile /Users/aayushu/wastesometime/data/config1/config.ns, filling with zeroes...
Sat Jul 21 13:56:10 [FileAllocator] creating directory /Users/aayushu/wastesometime/data/config1/_tmp
Sat Jul 21 13:56:10 [FileAllocator] done allocating datafile /Users/aayushu/wastesometime/data/config1/config.ns, size: 16MB,  took 0.064 secs
Sat Jul 21 13:56:10 [FileAllocator] allocating new datafile /Users/aayushu/wastesometime/data/config1/config.0, filling with zeroes...
Sat Jul 21 13:56:11 [FileAllocator] done allocating datafile /Users/aayushu/wastesometime/data/config1/config.0, size: 64MB,  took 0.723 secs
Sat Jul 21 13:56:11 [conn4] build index config.version { _id: 1 }
Sat Jul 21 13:56:11 [conn4] build index done 0 records 0 secs
Sat Jul 21 13:56:11 [conn4] insert config.version 1211ms
Sat Jul 21 13:56:11 [conn3] build index config.settings { _id: 1 }
Sat Jul 21 13:56:11 [conn3] build index done 0 records 0 secs
Sat Jul 21 13:56:11 [conn3] build index config.chunks { _id: 1 }
Sat Jul 21 13:56:11 [initandlisten] connection accepted from 127.0.0.1:50693 #5
Sat Jul 21 13:56:11 [conn3] build index done 0 records 0 secs
Sat Jul 21 13:56:11 [conn3] info: creating collection config.chunks on add index
Sat Jul 21 13:56:11 [conn3] build index config.chunks { ns: 1, min: 1 }
Sat Jul 21 13:56:11 [conn3] build index done 0 records 0 secs
Sat Jul 21 13:56:11 [conn3] build index config.chunks { ns: 1, shard: 1, min: 1 }
Sat Jul 21 13:56:11 [conn3] build index done 0 records 0 secs
Sat Jul 21 13:56:11 [conn3] build index config.chunks { ns: 1, lastmod: 1 }
Sat Jul 21 13:56:11 [conn3] build index done 0 records 0 secs
Sat Jul 21 13:56:11 [conn3] build index config.shards { _id: 1 }
Sat Jul 21 13:56:11 [conn3] build index done 0 records 0 secs
Sat Jul 21 13:56:11 [conn3] info: creating collection config.shards on add index
Sat Jul 21 13:56:11 [conn3] build index config.shards { host: 1 }
Sat Jul 21 13:56:11 [conn3] build index done 0 records 0 secs
Sat Jul 21 13:56:11 [conn4] build index config.mongos { _id: 1 }
Sat Jul 21 13:56:11 [conn4] build index done 0 records 0 secs
Sat Jul 21 13:56:11 [initandlisten] connection accepted from 127.0.0.1:50694 #6
Sat Jul 21 13:56:11 [conn3] build index config.lockpings { _id: 1 }
Sat Jul 21 13:56:11 [conn3] build index done 0 records 0 secs
Sat Jul 21 13:56:11 [conn6] build index config.locks { _id: 1 }
Sat Jul 21 13:56:11 [conn6] build index done 0 records 0 secs
Sat Jul 21 13:56:11 [conn3] build index config.lockpings { ping: 1 }
Sat Jul 21 13:56:11 [conn3] build index done 1 records 0 secs
Sat Jul 21 13:56:12 [conn3] build index config.databases { _id: 1 }
Sat Jul 21 13:56:12 [conn3] build index done 0 records 0 secs
Sat Jul 21 13:57:08 [clientcursormon] mem (MB) res:6 virt:2629 mapped:80
Sat Jul 21 13:58:08 [clientcursormon] mem (MB) res:21 virt:2629 mapped:80
